{"/workspaces/omni-channel/frontend/src/App.css": {"path":"/workspaces/omni-channel/frontend/src/App.css","statementMap":{},"fnMap":{},"branchMap":{},"s":{},"f":{},"b":{},"meta":{"lastBranch":0,"lastFunction":0,"lastStatement":0,"seen":{}}}
,"/workspaces/omni-channel/frontend/src/App.tsx": {"path":"/workspaces/omni-channel/frontend/src/App.tsx","statementMap":{"0":{"start":{"line":5,"column":18},"end":{"line":9,"column":null}},"1":{"start":{"line":6,"column":2},"end":{"line":9,"column":null}},"2":{"start":{"line":12,"column":15},"end":{"line":16,"column":null}},"3":{"start":{"line":13,"column":2},"end":{"line":16,"column":null}},"4":{"start":{"line":20,"column":2},"end":{"line":26,"column":null}}},"fnMap":{"0":{"name":"(anonymous_0)","decl":{"start":{"line":5,"column":18},"end":{"line":5,"column":null}},"loc":{"start":{"line":6,"column":2},"end":{"line":9,"column":null}},"line":6},"1":{"name":"(anonymous_1)","decl":{"start":{"line":12,"column":15},"end":{"line":12,"column":null}},"loc":{"start":{"line":13,"column":2},"end":{"line":16,"column":null}},"line":13},"2":{"name":"App","decl":{"start":{"line":19,"column":9},"end":{"line":19,"column":15}},"loc":{"start":{"line":19,"column":15},"end":{"line":28,"column":null}},"line":19}},"branchMap":{},"s":{"0":1,"1":1,"2":1,"3":1,"4":2},"f":{"0":1,"1":1,"2":2},"b":{},"meta":{"lastBranch":0,"lastFunction":3,"lastStatement":5,"seen":{"s:5:18:9:Infinity":0,"f:5:18:5:Infinity":0,"s:6:2:9:Infinity":1,"s:12:15:16:Infinity":2,"f:12:15:12:Infinity":1,"s:13:2:16:Infinity":3,"f:19:9:19:15":2,"s:20:2:26:Infinity":4}}}
,"/workspaces/omni-channel/frontend/src/components/Layout.tsx": {"path":"/workspaces/omni-channel/frontend/src/components/Layout.tsx","statementMap":{"0":{"start":{"line":8,"column":38},"end":{"line":45,"column":null}},"1":{"start":{"line":9,"column":8},"end":{"line":9,"column":null}},"2":{"start":{"line":11,"column":19},"end":{"line":14,"column":null}},"3":{"start":{"line":16,"column":2},"end":{"line":43,"column":null}},"4":{"start":{"line":25,"column":12},"end":{"line":34,"column":null}}},"fnMap":{"0":{"name":"(anonymous_0)","decl":{"start":{"line":8,"column":38},"end":{"line":8,"column":39}},"loc":{"start":{"line":8,"column":56},"end":{"line":45,"column":null}},"line":8},"1":{"name":"(anonymous_1)","decl":{"start":{"line":24,"column":24},"end":{"line":24,"column":25}},"loc":{"start":{"line":25,"column":12},"end":{"line":34,"column":null}},"line":25}},"branchMap":{"0":{"loc":{"start":{"line":29,"column":18},"end":{"line":29,"column":null}},"type":"cond-expr","locations":[{"start":{"line":29,"column":52},"end":{"line":29,"column":108}},{"start":{"line":29,"column":108},"end":{"line":29,"column":null}}],"line":29}},"s":{"0":2,"1":5,"2":5,"3":5,"4":10},"f":{"0":5,"1":10},"b":{"0":[5,5]},"meta":{"lastBranch":1,"lastFunction":2,"lastStatement":5,"seen":{"s:8:38:45:Infinity":0,"f:8:38:8:39":0,"s:9:8:9:Infinity":1,"s:11:19:14:Infinity":2,"s:16:2:43:Infinity":3,"f:24:24:24:25":1,"s:25:12:34:Infinity":4,"b:29:52:29:108:29:108:29:Infinity":0}}}
,"/workspaces/omni-channel/frontend/src/store/workflowStore.ts": {"path":"/workspaces/omni-channel/frontend/src/store/workflowStore.ts","statementMap":{"0":{"start":{"line":16,"column":21},"end":{"line":22,"column":null}},"1":{"start":{"line":24,"column":13},"end":{"line":29,"column":null}},"2":{"start":{"line":24,"column":64},"end":{"line":29,"column":2}},"3":{"start":{"line":26,"column":29},"end":{"line":26,"column":null}},"4":{"start":{"line":27,"column":31},"end":{"line":27,"column":null}},"5":{"start":{"line":28,"column":15},"end":{"line":28,"column":null}}},"fnMap":{"0":{"name":"(anonymous_0)","decl":{"start":{"line":24,"column":54},"end":{"line":24,"column":55}},"loc":{"start":{"line":24,"column":64},"end":{"line":29,"column":2}},"line":24},"1":{"name":"(anonymous_1)","decl":{"start":{"line":26,"column":19},"end":{"line":26,"column":20}},"loc":{"start":{"line":26,"column":29},"end":{"line":26,"column":null}},"line":26},"2":{"name":"(anonymous_2)","decl":{"start":{"line":27,"column":18},"end":{"line":27,"column":19}},"loc":{"start":{"line":27,"column":31},"end":{"line":27,"column":null}},"line":27},"3":{"name":"(anonymous_3)","decl":{"start":{"line":28,"column":9},"end":{"line":28,"column":15}},"loc":{"start":{"line":28,"column":15},"end":{"line":28,"column":null}},"line":28}},"branchMap":{},"s":{"0":1,"1":1,"2":1,"3":2,"4":2,"5":5},"f":{"0":1,"1":2,"2":2,"3":5},"b":{},"meta":{"lastBranch":0,"lastFunction":4,"lastStatement":6,"seen":{"s:16:21:22:Infinity":0,"s:24:13:29:Infinity":1,"f:24:54:24:55":0,"s:24:64:29:2":2,"f:26:19:26:20":1,"s:26:29:26:Infinity":3,"f:27:18:27:19":2,"s:27:31:27:Infinity":4,"f:28:9:28:15":3,"s:28:15:28:Infinity":5}}}
}
