{"/workspaces/omni-channel/frontend/src/App.css": {"path":"/workspaces/omni-channel/frontend/src/App.css","statementMap":{},"fnMap":{},"branchMap":{},"s":{},"f":{},"b":{},"meta":{"lastBranch":0,"lastFunction":0,"lastStatement":0,"seen":{}}}
,"/workspaces/omni-channel/frontend/src/App.tsx": {"path":"/workspaces/omni-channel/frontend/src/App.tsx","statementMap":{"0":{"start":{"line":5,"column":18},"end":{"line":9,"column":null}},"1":{"start":{"line":6,"column":2},"end":{"line":9,"column":null}},"2":{"start":{"line":12,"column":15},"end":{"line":16,"column":null}},"3":{"start":{"line":13,"column":2},"end":{"line":16,"column":null}},"4":{"start":{"line":20,"column":2},"end":{"line":26,"column":null}}},"fnMap":{"0":{"name":"(anonymous_0)","decl":{"start":{"line":5,"column":18},"end":{"line":5,"column":null}},"loc":{"start":{"line":6,"column":2},"end":{"line":9,"column":null}},"line":6},"1":{"name":"(anonymous_1)","decl":{"start":{"line":12,"column":15},"end":{"line":12,"column":null}},"loc":{"start":{"line":13,"column":2},"end":{"line":16,"column":null}},"line":13},"2":{"name":"App","decl":{"start":{"line":19,"column":9},"end":{"line":19,"column":15}},"loc":{"start":{"line":19,"column":15},"end":{"line":28,"column":null}},"line":19}},"branchMap":{},"s":{"0":1,"1":1,"2":1,"3":1,"4":2},"f":{"0":1,"1":1,"2":2},"b":{},"meta":{"lastBranch":0,"lastFunction":3,"lastStatement":5,"seen":{"s:5:18:9:Infinity":0,"f:5:18:5:Infinity":0,"s:6:2:9:Infinity":1,"s:12:15:16:Infinity":2,"f:12:15:12:Infinity":1,"s:13:2:16:Infinity":3,"f:19:9:19:15":2,"s:20:2:26:Infinity":4}}}
,"/workspaces/omni-channel/frontend/src/components/Layout.tsx": {"path":"/workspaces/omni-channel/frontend/src/components/Layout.tsx","statementMap":{"0":{"start":{"line":8,"column":38},"end":{"line":82,"column":null}},"1":{"start":{"line":9,"column":46},"end":{"line":9,"column":null}},"2":{"start":{"line":10,"column":8},"end":{"line":10,"column":null}},"3":{"start":{"line":12,"column":19},"end":{"line":15,"column":null}},"4":{"start":{"line":17,"column":27},"end":{"line":17,"column":null}},"5":{"start":{"line":17,"column":33},"end":{"line":17,"column":null}},"6":{"start":{"line":19,"column":2},"end":{"line":80,"column":null}},"7":{"start":{"line":55,"column":27},"end":{"line":55,"column":null}},"8":{"start":{"line":61,"column":12},"end":{"line":71,"column":null}},"9":{"start":{"line":64,"column":31},"end":{"line":64,"column":null}}},"fnMap":{"0":{"name":"(anonymous_0)","decl":{"start":{"line":8,"column":38},"end":{"line":8,"column":39}},"loc":{"start":{"line":8,"column":56},"end":{"line":82,"column":null}},"line":8},"1":{"name":"(anonymous_1)","decl":{"start":{"line":17,"column":27},"end":{"line":17,"column":33}},"loc":{"start":{"line":17,"column":33},"end":{"line":17,"column":null}},"line":17},"2":{"name":"(anonymous_2)","decl":{"start":{"line":55,"column":21},"end":{"line":55,"column":27}},"loc":{"start":{"line":55,"column":27},"end":{"line":55,"column":null}},"line":55},"3":{"name":"(anonymous_3)","decl":{"start":{"line":60,"column":24},"end":{"line":60,"column":25}},"loc":{"start":{"line":61,"column":12},"end":{"line":71,"column":null}},"line":61},"4":{"name":"(anonymous_4)","decl":{"start":{"line":64,"column":25},"end":{"line":64,"column":31}},"loc":{"start":{"line":64,"column":31},"end":{"line":64,"column":null}},"line":64}},"branchMap":{"0":{"loc":{"start":{"line":30,"column":13},"end":{"line":33,"column":null}},"type":"cond-expr","locations":[{"start":{"line":31,"column":14},"end":{"line":31,"column":null}},{"start":{"line":33,"column":14},"end":{"line":33,"column":null}}],"line":30},"1":{"loc":{"start":{"line":44,"column":12},"end":{"line":44,"column":68}},"type":"cond-expr","locations":[{"start":{"line":44,"column":31},"end":{"line":44,"column":49}},{"start":{"line":44,"column":49},"end":{"line":44,"column":68}}],"line":44},"2":{"loc":{"start":{"line":52,"column":9},"end":{"line":56,"column":null}},"type":"binary-expr","locations":[{"start":{"line":52,"column":9},"end":{"line":52,"column":null}},{"start":{"line":53,"column":10},"end":{"line":56,"column":null}}],"line":52},"3":{"loc":{"start":{"line":66,"column":18},"end":{"line":66,"column":null}},"type":"cond-expr","locations":[{"start":{"line":66,"column":52},"end":{"line":66,"column":108}},{"start":{"line":66,"column":108},"end":{"line":66,"column":null}}],"line":66}},"s":{"0":2,"1":8,"2":8,"3":8,"4":8,"5":2,"6":8,"7":0,"8":16,"9":0},"f":{"0":8,"1":2,"2":0,"3":16,"4":0},"b":{"0":[1,7],"1":[1,7],"2":[8,1],"3":[8,8]},"meta":{"lastBranch":4,"lastFunction":5,"lastStatement":10,"seen":{"s:8:38:82:Infinity":0,"f:8:38:8:39":0,"s:9:46:9:Infinity":1,"s:10:8:10:Infinity":2,"s:12:19:15:Infinity":3,"s:17:27:17:Infinity":4,"f:17:27:17:33":1,"s:17:33:17:Infinity":5,"s:19:2:80:Infinity":6,"b:31:14:31:Infinity:33:14:33:Infinity":0,"b:44:31:44:49:44:49:44:68":1,"b:52:9:52:Infinity:53:10:56:Infinity":2,"f:55:21:55:27":2,"s:55:27:55:Infinity":7,"f:60:24:60:25":3,"s:61:12:71:Infinity":8,"f:64:25:64:31":4,"s:64:31:64:Infinity":9,"b:66:52:66:108:66:108:66:Infinity":3}}}
,"/workspaces/omni-channel/frontend/src/components/common/Button.tsx": {"path":"/workspaces/omni-channel/frontend/src/components/common/Button.tsx","statementMap":{"0":{"start":{"line":7,"column":38},"end":{"line":23,"column":null}},"1":{"start":{"line":8,"column":21},"end":{"line":8,"column":null}},"2":{"start":{"line":10,"column":19},"end":{"line":14,"column":null}},"3":{"start":{"line":16,"column":26},"end":{"line":16,"column":null}},"4":{"start":{"line":18,"column":2},"end":{"line":21,"column":null}}},"fnMap":{"0":{"name":"(anonymous_0)","decl":{"start":{"line":7,"column":38},"end":{"line":7,"column":39}},"loc":{"start":{"line":7,"column":103},"end":{"line":23,"column":null}},"line":7}},"branchMap":{"0":{"loc":{"start":{"line":7,"column":51},"end":{"line":7,"column":72}},"type":"default-arg","locations":[{"start":{"line":7,"column":61},"end":{"line":7,"column":72}}],"line":7},"1":{"loc":{"start":{"line":7,"column":72},"end":{"line":7,"column":88}},"type":"default-arg","locations":[{"start":{"line":7,"column":84},"end":{"line":7,"column":88}}],"line":7}},"s":{"0":2,"1":29,"2":29,"3":29,"4":29},"f":{"0":29},"b":{"0":[29],"1":[29]},"meta":{"lastBranch":2,"lastFunction":1,"lastStatement":5,"seen":{"s:7:38:23:Infinity":0,"f:7:38:7:39":0,"b:7:61:7:72":0,"b:7:84:7:88":1,"s:8:21:8:Infinity":1,"s:10:19:14:Infinity":2,"s:16:26:16:Infinity":3,"s:18:2:21:Infinity":4}}}
,"/workspaces/omni-channel/frontend/src/components/common/Card.tsx": {"path":"/workspaces/omni-channel/frontend/src/components/common/Card.tsx","statementMap":{"0":{"start":{"line":10,"column":34},"end":{"line":28,"column":null}},"1":{"start":{"line":11,"column":2},"end":{"line":26,"column":null}}},"fnMap":{"0":{"name":"(anonymous_0)","decl":{"start":{"line":10,"column":34},"end":{"line":10,"column":35}},"loc":{"start":{"line":10,"column":83},"end":{"line":28,"column":null}},"line":10}},"branchMap":{"0":{"loc":{"start":{"line":10,"column":62},"end":{"line":10,"column":77}},"type":"default-arg","locations":[{"start":{"line":10,"column":74},"end":{"line":10,"column":77}}],"line":10},"1":{"loc":{"start":{"line":13,"column":7},"end":{"line":16,"column":null}},"type":"binary-expr","locations":[{"start":{"line":13,"column":7},"end":{"line":13,"column":null}},{"start":{"line":14,"column":8},"end":{"line":16,"column":null}}],"line":13},"2":{"loc":{"start":{"line":21,"column":7},"end":{"line":24,"column":null}},"type":"binary-expr","locations":[{"start":{"line":21,"column":7},"end":{"line":21,"column":null}},{"start":{"line":22,"column":8},"end":{"line":24,"column":null}}],"line":21}},"s":{"0":2,"1":12},"f":{"0":12},"b":{"0":[12],"1":[12,11],"2":[12,10]},"meta":{"lastBranch":3,"lastFunction":1,"lastStatement":2,"seen":{"s:10:34:28:Infinity":0,"f:10:34:10:35":0,"b:10:74:10:77":0,"s:11:2:26:Infinity":1,"b:13:7:13:Infinity:14:8:16:Infinity":1,"b:21:7:21:Infinity:22:8:24:Infinity":2}}}
,"/workspaces/omni-channel/frontend/src/components/common/Input.tsx": {"path":"/workspaces/omni-channel/frontend/src/components/common/Input.tsx","statementMap":{"0":{"start":{"line":8,"column":36},"end":{"line":37,"column":null}},"1":{"start":{"line":9,"column":8},"end":{"line":9,"column":null}},"2":{"start":{"line":11,"column":23},"end":{"line":15,"column":null}},"3":{"start":{"line":18,"column":2},"end":{"line":35,"column":null}}},"fnMap":{"0":{"name":"(anonymous_0)","decl":{"start":{"line":8,"column":36},"end":{"line":8,"column":37}},"loc":{"start":{"line":8,"column":84},"end":{"line":37,"column":null}},"line":8}},"branchMap":{"0":{"loc":{"start":{"line":8,"column":53},"end":{"line":8,"column":69}},"type":"default-arg","locations":[{"start":{"line":8,"column":65},"end":{"line":8,"column":69}}],"line":8},"1":{"loc":{"start":{"line":14,"column":6},"end":{"line":14,"column":103}},"type":"cond-expr","locations":[{"start":{"line":14,"column":14},"end":{"line":14,"column":86}},{"start":{"line":14,"column":86},"end":{"line":14,"column":103}}],"line":14},"2":{"loc":{"start":{"line":20,"column":7},"end":{"line":23,"column":null}},"type":"binary-expr","locations":[{"start":{"line":20,"column":7},"end":{"line":20,"column":null}},{"start":{"line":21,"column":8},"end":{"line":23,"column":null}}],"line":20},"3":{"loc":{"start":{"line":30,"column":7},"end":{"line":33,"column":null}},"type":"binary-expr","locations":[{"start":{"line":30,"column":7},"end":{"line":30,"column":null}},{"start":{"line":31,"column":8},"end":{"line":33,"column":null}}],"line":30}},"s":{"0":1,"1":3,"2":3,"3":3},"f":{"0":3},"b":{"0":[3],"1":[1,2],"2":[3,3],"3":[3,1]},"meta":{"lastBranch":4,"lastFunction":1,"lastStatement":4,"seen":{"s:8:36:37:Infinity":0,"f:8:36:8:37":0,"b:8:65:8:69":0,"s:9:8:9:Infinity":1,"s:11:23:15:Infinity":2,"b:14:14:14:86:14:86:14:103":1,"s:18:2:35:Infinity":3,"b:20:7:20:Infinity:21:8:23:Infinity":2,"b:30:7:30:Infinity:31:8:33:Infinity":3}}}
,"/workspaces/omni-channel/frontend/src/components/wizard/Wizard.tsx": {"path":"/workspaces/omni-channel/frontend/src/components/wizard/Wizard.tsx","statementMap":{"0":{"start":{"line":16,"column":38},"end":{"line":92,"column":null}},"1":{"start":{"line":17,"column":36},"end":{"line":17,"column":null}},"2":{"start":{"line":19,"column":22},"end":{"line":19,"column":null}},"3":{"start":{"line":20,"column":21},"end":{"line":20,"column":null}},"4":{"start":{"line":22,"column":21},"end":{"line":28,"column":null}},"5":{"start":{"line":23,"column":4},"end":{"line":27,"column":null}},"6":{"start":{"line":24,"column":6},"end":{"line":24,"column":null}},"7":{"start":{"line":26,"column":6},"end":{"line":26,"column":null}},"8":{"start":{"line":26,"column":31},"end":{"line":26,"column":39}},"9":{"start":{"line":30,"column":21},"end":{"line":34,"column":null}},"10":{"start":{"line":31,"column":4},"end":{"line":33,"column":null}},"11":{"start":{"line":32,"column":6},"end":{"line":32,"column":null}},"12":{"start":{"line":32,"column":31},"end":{"line":32,"column":39}},"13":{"start":{"line":37,"column":4},"end":{"line":51,"column":null}},"14":{"start":{"line":54,"column":2},"end":{"line":90,"column":null}},"15":{"start":{"line":60,"column":12},"end":{"line":71,"column":null}}},"fnMap":{"0":{"name":"(anonymous_0)","decl":{"start":{"line":16,"column":38},"end":{"line":16,"column":39}},"loc":{"start":{"line":16,"column":75},"end":{"line":92,"column":null}},"line":16},"1":{"name":"(anonymous_1)","decl":{"start":{"line":22,"column":21},"end":{"line":22,"column":27}},"loc":{"start":{"line":22,"column":27},"end":{"line":28,"column":null}},"line":22},"2":{"name":"(anonymous_2)","decl":{"start":{"line":26,"column":21},"end":{"line":26,"column":22}},"loc":{"start":{"line":26,"column":31},"end":{"line":26,"column":39}},"line":26},"3":{"name":"(anonymous_3)","decl":{"start":{"line":30,"column":21},"end":{"line":30,"column":27}},"loc":{"start":{"line":30,"column":27},"end":{"line":34,"column":null}},"line":30},"4":{"name":"(anonymous_4)","decl":{"start":{"line":32,"column":21},"end":{"line":32,"column":22}},"loc":{"start":{"line":32,"column":31},"end":{"line":32,"column":39}},"line":32},"5":{"name":"(anonymous_5)","decl":{"start":{"line":59,"column":21},"end":{"line":59,"column":22}},"loc":{"start":{"line":60,"column":12},"end":{"line":71,"column":null}},"line":60}},"branchMap":{"0":{"loc":{"start":{"line":23,"column":4},"end":{"line":27,"column":null}},"type":"if","locations":[{"start":{"line":23,"column":4},"end":{"line":27,"column":null}},{"start":{"line":25,"column":11},"end":{"line":27,"column":null}}],"line":23},"1":{"loc":{"start":{"line":31,"column":4},"end":{"line":33,"column":null}},"type":"if","locations":[{"start":{"line":31,"column":4},"end":{"line":33,"column":null}},{"start":{},"end":{}}],"line":31},"2":{"loc":{"start":{"line":42,"column":9},"end":{"line":45,"column":null}},"type":"binary-expr","locations":[{"start":{"line":42,"column":9},"end":{"line":42,"column":null}},{"start":{"line":43,"column":10},"end":{"line":45,"column":null}}],"line":42},"3":{"loc":{"start":{"line":48,"column":11},"end":{"line":48,"column":null}},"type":"cond-expr","locations":[{"start":{"line":48,"column":24},"end":{"line":48,"column":35}},{"start":{"line":48,"column":35},"end":{"line":48,"column":null}}],"line":48},"4":{"loc":{"start":{"line":63,"column":18},"end":{"line":63,"column":null}},"type":"cond-expr","locations":[{"start":{"line":63,"column":41},"end":{"line":63,"column":68}},{"start":{"line":63,"column":68},"end":{"line":63,"column":null}}],"line":63},"5":{"loc":{"start":{"line":68,"column":59},"end":{"line":68,"column":115}},"type":"cond-expr","locations":[{"start":{"line":68,"column":82},"end":{"line":68,"column":100}},{"start":{"line":68,"column":100},"end":{"line":68,"column":115}}],"line":68}},"s":{"0":1,"1":10,"2":10,"3":10,"4":10,"5":5,"6":1,"7":4,"8":4,"9":10,"10":1,"11":1,"12":1,"13":10,"14":10,"15":30},"f":{"0":10,"1":5,"2":4,"3":1,"4":1,"5":30},"b":{"0":[1,4],"1":[1,0],"2":[10,4],"3":[1,9],"4":[15,15],"5":[15,15]},"meta":{"lastBranch":6,"lastFunction":6,"lastStatement":16,"seen":{"s:16:38:92:Infinity":0,"f:16:38:16:39":0,"s:17:36:17:Infinity":1,"s:19:22:19:Infinity":2,"s:20:21:20:Infinity":3,"s:22:21:28:Infinity":4,"f:22:21:22:27":1,"b:23:4:27:Infinity:25:11:27:Infinity":0,"s:23:4:27:Infinity":5,"s:24:6:24:Infinity":6,"s:26:6:26:Infinity":7,"f:26:21:26:22":2,"s:26:31:26:39":8,"s:30:21:34:Infinity":9,"f:30:21:30:27":3,"b:31:4:33:Infinity:undefined:undefined:undefined:undefined":1,"s:31:4:33:Infinity":10,"s:32:6:32:Infinity":11,"f:32:21:32:22":4,"s:32:31:32:39":12,"s:37:4:51:Infinity":13,"b:42:9:42:Infinity:43:10:45:Infinity":2,"b:48:24:48:35:48:35:48:Infinity":3,"s:54:2:90:Infinity":14,"f:59:21:59:22":5,"s:60:12:71:Infinity":15,"b:63:41:63:68:63:68:63:Infinity":4,"b:68:82:68:100:68:100:68:115":5}}}
,"/workspaces/omni-channel/frontend/src/store/workflowStore.ts": {"path":"/workspaces/omni-channel/frontend/src/store/workflowStore.ts","statementMap":{"0":{"start":{"line":16,"column":21},"end":{"line":22,"column":null}},"1":{"start":{"line":24,"column":13},"end":{"line":29,"column":null}},"2":{"start":{"line":24,"column":64},"end":{"line":29,"column":2}},"3":{"start":{"line":26,"column":29},"end":{"line":26,"column":null}},"4":{"start":{"line":27,"column":31},"end":{"line":27,"column":null}},"5":{"start":{"line":28,"column":15},"end":{"line":28,"column":null}}},"fnMap":{"0":{"name":"(anonymous_0)","decl":{"start":{"line":24,"column":54},"end":{"line":24,"column":55}},"loc":{"start":{"line":24,"column":64},"end":{"line":29,"column":2}},"line":24},"1":{"name":"(anonymous_1)","decl":{"start":{"line":26,"column":19},"end":{"line":26,"column":20}},"loc":{"start":{"line":26,"column":29},"end":{"line":26,"column":null}},"line":26},"2":{"name":"(anonymous_2)","decl":{"start":{"line":27,"column":18},"end":{"line":27,"column":19}},"loc":{"start":{"line":27,"column":31},"end":{"line":27,"column":null}},"line":27},"3":{"name":"(anonymous_3)","decl":{"start":{"line":28,"column":9},"end":{"line":28,"column":15}},"loc":{"start":{"line":28,"column":15},"end":{"line":28,"column":null}},"line":28}},"branchMap":{},"s":{"0":1,"1":1,"2":1,"3":2,"4":2,"5":5},"f":{"0":1,"1":2,"2":2,"3":5},"b":{},"meta":{"lastBranch":0,"lastFunction":4,"lastStatement":6,"seen":{"s:16:21:22:Infinity":0,"s:24:13:29:Infinity":1,"f:24:54:24:55":0,"s:24:64:29:2":2,"f:26:19:26:20":1,"s:26:29:26:Infinity":3,"f:27:18:27:19":2,"s:27:31:27:Infinity":4,"f:28:9:28:15":3,"s:28:15:28:Infinity":5}}}
}
